sudo apt update
sudo apt install apt-transport-https ca-certificates curl gnupg lsb-release
curl -fsSL https://mirrors.aliyun.com/docker-ce/linux/ubuntu/gpg | sudo gpg --dearmor -o /usr/share/keyrings/docker-archive-keyring.gpg
echo "deb [arch=amd64 signed-by=/usr/share/keyrings/docker-archive-keyring.gpg] https://mirrors.aliyun.com/docker-ce/linux/ubuntu $(lsb_release -cs) stable" | sudo tee /etc/apt/sources.list.d/docker.list > /dev/null
sudo apt update

sudo apt install docker-ce docker-ce-cli containerd.io
sudo systemctl start docker
sudo systemctl enable docker

#docker run -d -p 9000:9000 --name=portainer --restart=always -v /var/run/docker.sock:/var/run/docker.sock -v portainer_data:/data portainer/portainer-ce
docker run -d -p 9000:9000 --restart always -v /var/run/docker.sock:/var/run/docker.sock portainer/portainer-ce:latest this

http://127.0.0.1:9000/  portainer网址
admin
zhaoboshi1985

docker run -d --name uxrdp --hostname terminalserver  -p 3289:3389 -p 2222:22 danielguerra/ubuntu-xrdp:18.04
sudo  docker run -d --name ubuntu18 --hostname zty  -p 3589:3389 -p 2228:22 ubuntu:18.04
sudo docker exec -it ubuntu18 /bin/bash

sudo docker run --name ubuntu18 --hostname zty  -p 3589:3389 -itd ubuntu:18.04

RUN apt-get -y update && \
    apt-get -y upgrade && \
    apt-get install -y \
    software-properties-common \
    curl \
    net-tools \
    xfce4 \
    xfce4-clipman-plugin \
    xfce4-cpugraph-plugin \
    xfce4-netload-plugin \
    xfce4-screenshooter \
    xfce4-taskmanager \
    xfce4-terminal \
    xfce4-xkb-plugin \
    sudo \
    wget \
    vim \
    mousepad \
    xorgxrdp \
    xrdp && \
    apt remove -y light-locker xscreensaver && \
    apt autoremove -y && \
    rm -rf /var/cache/apt /var/lib/apt/lists
    
     git clone https://github.com/chrisbensch/docker-ubuntu-xrdp.git
    
    COPY ./build/ubuntu-run.sh /usr/bin/
RUN mv /usr/bin/ubuntu-run.sh /usr/bin/run.sh
RUN chmod +x /usr/bin/run.sh
    
    
docker pull arm64v8/ubuntu:18.04
sudo apt-get install -y --no-install-recommends qemu-user-static binfmt-support
sudo docker run --name ubuntu18arm64 --hostname hndz -p 3689:3389 -itd -v /usr/bin/qemu-aarch64-static:/usr/bin/qemu-aarch64-static arm64v8/ubuntu:18.04
sudo docker exec -it ubuntu18arm64 /bin/bash
/usr/bin/run.sh hndz z yes

sudo apt-get install qtbase5-dev qtchooser qt5-qmake qtbase5-dev-tools qtcreator


